	Babylon.js Exporter version: 1.8.0, Blender version: 2.74 (sub 0)
========= Conversion from Blender to Babylon.js =========
	Python World class constructor completed
	processing begun of material:  my_game.Material
	Diffuse texture found
Error encountered processing image file:  /home/taylorf/Ist-Game/Scenes/game.png, Error:  '/home/taylorf/Ist-Game/Scenes/game.png' and '/home/taylorf/Ist-Game/Scenes/game.png' are the same file
	processing begun of material:  my_game.Material.002
	WARNING texture type not currently supported:  NONE, ignored.
	processing begun of material:  my_game.Material.003
	processing begun of material:  my_game.Material.004
	processing begun of material:  my_game.Material.005
	processing begun of material:  my_game.Material.006
	WARNING texture type not currently supported:  NONE, ignored.
	processing begun of material:  my_game.Material.007
	processing begun of material:  my_game.Material.008
	processing begun of material:  my_game.Material.009
	processing begun of material:  my_game.Material.010
	WARNING texture type not currently supported:  STUCCI, ignored.
	processing begun of material:  my_game.Material.011
	processing begun of mesh:  Trigger.End
		WARNING:  No materials have been assigned: 
		num positions      :  8
		num normals        :  8
		num uvs            :  0
		num uvs2           :  0
		num colors         :  0
		num indices        :  36
	processing begun of mesh:  Astroid.037
		num positions      :  275
		num normals        :  275
		num uvs            :  550
		num uvs2           :  0
		num colors         :  0
		num indices        :  324
	processing begun of mesh:  Astroid.036
		num positions      :  275
		num normals        :  275
		num uvs            :  550
		num uvs2           :  0
		num colors         :  0
		num indices        :  324
	processing begun of mesh:  Astroid.035
		num positions      :  275
		num normals        :  275
		num uvs            :  550
		num uvs2           :  0
		num colors         :  0
		num indices        :  324
	processing begun of mesh:  Astroid.034
		num positions      :  275
		num normals        :  275
		num uvs            :  550
		num uvs2           :  0
		num colors         :  0
		num indices        :  324
	processing begun of mesh:  Astroid.033
		num positions      :  275
		num normals        :  275
		num uvs            :  550
		num uvs2           :  0
		num colors         :  0
		num indices        :  324
	processing begun of mesh:  Astroid.032
		processing begun of multimaterial:  my_game.Multimaterial#0
		num positions      :  275
		num normals        :  275
		num uvs            :  550
		num uvs2           :  0
		num colors         :  0
		num indices        :  324
	processing begun of mesh:  Astroid.031
		num positions      :  275
		num normals        :  275
		num uvs            :  550
		num uvs2           :  0
		num colors         :  0
		num indices        :  324
	processing begun of mesh:  Astroid.030
		num positions      :  275
		num normals        :  275
		num uvs            :  550
		num uvs2           :  0
		num colors         :  0
		num indices        :  324
	processing begun of mesh:  Astroid.029
		num positions      :  275
		num normals        :  275
		num uvs            :  550
		num uvs2           :  0
		num colors         :  0
		num indices        :  324
	processing begun of mesh:  Astroid.028
		num positions      :  275
		num normals        :  275
		num uvs            :  550
		num uvs2           :  0
		num colors         :  0
		num indices        :  324
	processing begun of mesh:  Astroid.027
		processing begun of multimaterial:  my_game.Multimaterial#1
		num positions      :  275
		num normals        :  275
		num uvs            :  550
		num uvs2           :  0
		num colors         :  0
		num indices        :  324
	processing begun of mesh:  SpaceEnemy.011
		processing begun of multimaterial:  my_game.Multimaterial#2
		num positions      :  304
		num normals        :  304
		num uvs            :  0
		num uvs2           :  0
		num colors         :  0
		num indices        :  732
	processing begun of mesh:  Astroid.026
		num positions      :  275
		num normals        :  275
		num uvs            :  550
		num uvs2           :  0
		num colors         :  0
		num indices        :  324
	processing begun of mesh:  Astroid.025
		num positions      :  275
		num normals        :  275
		num uvs            :  550
		num uvs2           :  0
		num colors         :  0
		num indices        :  324
	processing begun of mesh:  Astroid.024
		num positions      :  275
		num normals        :  275
		num uvs            :  550
		num uvs2           :  0
		num colors         :  0
		num indices        :  324
	processing begun of mesh:  Astroid.023
		num positions      :  275
		num normals        :  275
		num uvs            :  550
		num uvs2           :  0
		num colors         :  0
		num indices        :  324
	processing begun of mesh:  Astroid.022
		num positions      :  275
		num normals        :  275
		num uvs            :  550
		num uvs2           :  0
		num colors         :  0
		num indices        :  324
	processing begun of mesh:  Astroid.021
		num positions      :  275
		num normals        :  275
		num uvs            :  550
		num uvs2           :  0
		num colors         :  0
		num indices        :  324
	processing begun of mesh:  SpaceEnemy.010
		processing begun of multimaterial:  my_game.Multimaterial#3
		num positions      :  304
		num normals        :  304
		num uvs            :  0
		num uvs2           :  0
		num colors         :  0
		num indices        :  732
	processing begun of mesh:  SpaceEnemy.009
		processing begun of multimaterial:  my_game.Multimaterial#4
		num positions      :  304
		num normals        :  304
		num uvs            :  0
		num uvs2           :  0
		num colors         :  0
		num indices        :  732
	processing begun of mesh:  SpaceEnemy.008
		processing begun of multimaterial:  my_game.Multimaterial#5
		num positions      :  304
		num normals        :  304
		num uvs            :  0
		num uvs2           :  0
		num colors         :  0
		num indices        :  732
	processing begun of mesh:  SpaceEnemy.007
		processing begun of multimaterial:  my_game.Multimaterial#6
		num positions      :  304
		num normals        :  304
		num uvs            :  0
		num uvs2           :  0
		num colors         :  0
		num indices        :  732
	processing begun of mesh:  SpaceEnemy.006
		processing begun of multimaterial:  my_game.Multimaterial#7
		num positions      :  304
		num normals        :  304
		num uvs            :  0
		num uvs2           :  0
		num colors         :  0
		num indices        :  732
	processing begun of mesh:  SpaceEnemy.005
		processing begun of multimaterial:  my_game.Multimaterial#8
		num positions      :  304
		num normals        :  304
		num uvs            :  0
		num uvs2           :  0
		num colors         :  0
		num indices        :  732
	processing begun of mesh:  SpaceEnemy.004
		processing begun of multimaterial:  my_game.Multimaterial#9
		num positions      :  304
		num normals        :  304
		num uvs            :  0
		num uvs2           :  0
		num colors         :  0
		num indices        :  732
	processing begun of mesh:  Astroid.020
		num positions      :  275
		num normals        :  275
		num uvs            :  550
		num uvs2           :  0
		num colors         :  0
		num indices        :  324
	processing begun of mesh:  Astroid.019
		processing begun of multimaterial:  my_game.Multimaterial#10
		num positions      :  275
		num normals        :  275
		num uvs            :  550
		num uvs2           :  0
		num colors         :  0
		num indices        :  324
	processing begun of mesh:  Astroid.018
		processing begun of multimaterial:  my_game.Multimaterial#11
		num positions      :  275
		num normals        :  275
		num uvs            :  550
		num uvs2           :  0
		num colors         :  0
		num indices        :  324
	processing begun of mesh:  Astroid.017
		num positions      :  275
		num normals        :  275
		num uvs            :  550
		num uvs2           :  0
		num colors         :  0
		num indices        :  324
	processing begun of mesh:  SpaceEnemy.003
		processing begun of multimaterial:  my_game.Multimaterial#12
		num positions      :  304
		num normals        :  304
		num uvs            :  0
		num uvs2           :  0
		num colors         :  0
		num indices        :  732
	processing begun of mesh:  SpaceEnemy.002
		processing begun of multimaterial:  my_game.Multimaterial#13
		num positions      :  304
		num normals        :  304
		num uvs            :  0
		num uvs2           :  0
		num colors         :  0
		num indices        :  732
	processing begun of mesh:  SpaceEnemy.001
		processing begun of multimaterial:  my_game.Multimaterial#14
		num positions      :  304
		num normals        :  304
		num uvs            :  0
		num uvs2           :  0
		num colors         :  0
		num indices        :  732
	processing begun of mesh:  Astroid.016
		num positions      :  275
		num normals        :  275
		num uvs            :  550
		num uvs2           :  0
		num colors         :  0
		num indices        :  324
	processing begun of mesh:  Astroid.015
		num positions      :  275
		num normals        :  275
		num uvs            :  550
		num uvs2           :  0
		num colors         :  0
		num indices        :  324
	processing begun of mesh:  Astroid.014
		processing begun of multimaterial:  my_game.Multimaterial#15
		num positions      :  275
		num normals        :  275
		num uvs            :  550
		num uvs2           :  0
		num colors         :  0
		num indices        :  324
	processing begun of mesh:  Astroid.013
		num positions      :  275
		num normals        :  275
		num uvs            :  550
		num uvs2           :  0
		num colors         :  0
		num indices        :  324
	processing begun of mesh:  Astroid.012
		num positions      :  275
		num normals        :  275
		num uvs            :  550
		num uvs2           :  0
		num colors         :  0
		num indices        :  324
	processing begun of mesh:  Astroid.011
		num positions      :  275
		num normals        :  275
		num uvs            :  550
		num uvs2           :  0
		num colors         :  0
		num indices        :  324
	processing begun of mesh:  Astroid.010
		processing begun of multimaterial:  my_game.Multimaterial#16
		num positions      :  275
		num normals        :  275
		num uvs            :  550
		num uvs2           :  0
		num colors         :  0
		num indices        :  324
	processing begun of mesh:  Astroid.009
		processing begun of multimaterial:  my_game.Multimaterial#17
		num positions      :  275
		num normals        :  275
		num uvs            :  550
		num uvs2           :  0
		num colors         :  0
		num indices        :  324
	processing begun of mesh:  Astroid.008
		num positions      :  274
		num normals        :  274
		num uvs            :  548
		num uvs2           :  0
		num colors         :  0
		num indices        :  324
	processing begun of mesh:  Astroid.007
		num positions      :  275
		num normals        :  275
		num uvs            :  550
		num uvs2           :  0
		num colors         :  0
		num indices        :  324
	processing begun of mesh:  Astroid.006
		num positions      :  274
		num normals        :  274
		num uvs            :  548
		num uvs2           :  0
		num colors         :  0
		num indices        :  324
	processing begun of mesh:  Astroid.005
		num positions      :  275
		num normals        :  275
		num uvs            :  550
		num uvs2           :  0
		num colors         :  0
		num indices        :  324
	processing begun of mesh:  Astroid.004
		processing begun of multimaterial:  my_game.Multimaterial#18
		num positions      :  275
		num normals        :  275
		num uvs            :  550
		num uvs2           :  0
		num colors         :  0
		num indices        :  324
	processing begun of mesh:  Astroid.003
		num positions      :  275
		num normals        :  275
		num uvs            :  550
		num uvs2           :  0
		num colors         :  0
		num indices        :  324
	processing begun of mesh:  Astroid.002
		processing begun of multimaterial:  my_game.Multimaterial#19
		num positions      :  275
		num normals        :  275
		num uvs            :  550
		num uvs2           :  0
		num colors         :  0
		num indices        :  324
	processing begun of mesh:  Astroid.001
		num positions      :  275
		num normals        :  275
		num uvs            :  550
		num uvs2           :  0
		num colors         :  0
		num indices        :  324
	processing begun of mesh:  bottom boundary
		WARNING:  No materials have been assigned: 
		num positions      :  8
		num normals        :  8
		num uvs            :  0
		num uvs2           :  0
		num colors         :  0
		num indices        :  36
	processing begun of mesh:  Top boundary
		WARNING:  No materials have been assigned: 
		num positions      :  8
		num normals        :  8
		num uvs            :  0
		num uvs2           :  0
		num colors         :  0
		num indices        :  36
	processing begun of mesh:  Plane
		num positions      :  4
		num normals        :  4
		num uvs            :  8
		num uvs2           :  0
		num colors         :  0
		num indices        :  6
	processing begun of camera (FreeCamera):  Camera
	processing begun of mesh:  Cube
		processing begun of multimaterial:  my_game.Multimaterial#20
		num positions      :  248
		num normals        :  248
		num uvs            :  0
		num uvs2           :  0
		num colors         :  0
		num indices        :  1188
	processing begun of mesh:  SpaceEnemy
		processing begun of multimaterial:  my_game.Multimaterial#21
		num positions      :  304
		num normals        :  304
		num uvs            :  0
		num uvs2           :  0
		num colors         :  0
		num indices        :  732
	processing begun of mesh:  Astroid
		num positions      :  275
		num normals        :  275
		num uvs            :  550
		num uvs2           :  0
		num colors         :  0
		num indices        :  324
	processing begun of light (HEMI):  Hemi.001
	processing begun of light (HEMI):  Hemi
	processing begun of light (POINT):  Lamp
========= Writing of scene file started =========
========= Writing of scene file completed =========
========= end of processing =========
